#
# A fatal error has been detected by the Java Runtime Environment:
#
#  EXCEPTION_ACCESS_VIOLATION (0xc0000005) at pc=0x000000007110b5db, pid=20324, tid=10256
#
# JRE version: OpenJDK Runtime Environment Temurin-17+35 (17.0+35) (build 17+35)
# Java VM: OpenJDK 64-Bit Server VM Temurin-17+35 (17+35, mixed mode, tiered, compressed oops, compressed class ptrs, g1 gc, windows-amd64)
# Problematic frame:
# C  [jSSC-2.8_x86_64.dll+0xb5db]
#
# No core dump will be written. Minidumps are not enabled by default on client versions of Windows
#
# If you would like to submit a bug report, please visit:
#   https://github.com/adoptium/adoptium-support/issues
# The crash happened outside the Java Virtual Machine in native code.
# See problematic frame for where to report the bug.
#

---------------  S U M M A R Y ------------

Command Line: -Dfile.encoding=Cp1252 -XX:+ShowCodeDetailsInExceptionMessages javaarduino.JavaArduino

Host: Intel(R) Core(TM) i5-1035G1 CPU @ 1.00GHz, 8 cores, 11G,  Windows 10 , 64 bit Build 19041 (10.0.19041.1202)
Time: Mon Nov  8 23:24:58 2021 Hora est. Pacífico, Sudamérica elapsed time: 0.314539 seconds (0d 0h 0m 0s)

---------------  T H R E A D  ---------------

Current thread (0x000001e95ab00bf0):  JavaThread "main" [_thread_in_native, id=10256, stack(0x0000005982300000,0x0000005982400000)]

Stack: [0x0000005982300000,0x0000005982400000],  sp=0x00000059823ff1a0,  free space=1020k
Native frames: (J=compiled Java code, j=interpreted, Vv=VM code, C=native code)
C  [jSSC-2.8_x86_64.dll+0xb5db]

Java frames: (J=compiled Java code, j=interpreted, Vv=VM code)
j  jssc.SerialNativeInterface.openPort(Ljava/lang/String;Z)J+0
j  jssc.SerialPort.openPort()Z+65
j  com.panamahitek.PanamaHitek_Arduino.arduinoRX(Ljava/lang/String;ILjssc/SerialPortEventListener;)V+58
j  javaarduino.JavaArduino.main([Ljava/lang/String;)V+11
v  ~StubRoutines::call_stub

siginfo: EXCEPTION_ACCESS_VIOLATION (0xc0000005), reading address 0x0000000058b321e9


Register to memory mapping:

RIP=0x000000007110b5db jSSC-2.8_x86_64.dll
RAX=0x0000000058b321e9 is an unknown value
RBX=0x00000059823ff210 is pointing into the stack for thread: 0x000001e95ab00bf0
RCX=0x00007ffa01b6cf54 ntdll.dll
RDX=0x0 is NULL
RSP=0x00000059823ff1a0 is pointing into the stack for thread: 0x000001e95ab00bf0
RBP=0x00000059823ff320 is pointing into the stack for thread: 0x000001e95ab00bf0
RSI=0x000001e95ab00e98 points into unknown readable memory: 0x00007ff986def7c0 | c0 f7 de 86 f9 7f 00 00
RDI=0x0000000000000420 is an unknown value
R8 =0x00000059823ff098 is pointing into the stack for thread: 0x000001e95ab00bf0
R9 =0x00000059823ff190 is pointing into the stack for thread: 0x000001e95ab00bf0
R10=0x0 is NULL
R11=0x0000000000000246 is an unknown value
R12=0x00000059823ff3e0 is pointing into the stack for thread: 0x000001e95ab00bf0
R13=0x000001e9779cf5c0 points into unknown readable memory: 0x01006500364d4f43 | 43 4f 4d 36 00 65 00 01
R14=0x00000059823ff2d0 is pointing into the stack for thread: 0x000001e95ab00bf0
R15=0x000001e95ab00bf0 is a thread


Registers:
RAX=0x0000000058b321e9, RBX=0x00000059823ff210, RCX=0x00007ffa01b6cf54, RDX=0x0000000000000000
RSP=0x00000059823ff1a0, RBP=0x00000059823ff320, RSI=0x000001e95ab00e98, RDI=0x0000000000000420
R8 =0x00000059823ff098, R9 =0x00000059823ff190, R10=0x0000000000000000, R11=0x0000000000000246
R12=0x00000059823ff3e0, R13=0x000001e9779cf5c0, R14=0x00000059823ff2d0, R15=0x000001e95ab00bf0
RIP=0x000000007110b5db, EFLAGS=0x0000000000010206

Top of Stack: (sp=0x00000059823ff1a0)
0x00000059823ff1a0:   000001e977a93120 000001e9779cf3c0
0x00000059823ff1b0:   000000007110b230 000001e958870000
0x00000059823ff1c0:   000001e9587d0000 0000000000000004
0x00000059823ff1d0:   000001e95ab00e98 0000000000000420
0x00000059823ff1e0:   00000059823ff320 0000000071112590
0x00000059823ff1f0:   000001e95ab00bf0 00000059823ff2d0
0x00000059823ff200:   000001e9779cf5c0 00000059823ff3e0
0x00000059823ff210:   000001e9779cf5c0 00007ffa01af47b1
0x00000059823ff220:   00000059823ff250 000001e958870000
0x00000059823ff230:   00000059823ff320 0000000000000000
0x00000059823ff240:   0000000071113500 0000000071113be8
0x00000059823ff250:   00000059823ff280 0000000071112641
0x00000059823ff260:   00000059823ff1f0 000001e95ab00e98
0x00000059823ff270:   0000000000000000 0000000000000000
0x00000059823ff280:   00000059823ff320 0000000071101595
0x00000059823ff290:   000000000000001c 000001e900000000 

Instructions: (pc=0x000000007110b5db)
0x000000007110b4db:   48 85 c0 74 bf 44 8b 03 45 85 c0 0f 84 77 ff ff
0x000000007110b4eb:   ff eb 9f 66 90 e8 8b fe ff ff 48 89 05 0c 34 01
0x000000007110b4fb:   00 eb ad 66 90 e8 7b fe ff ff 48 89 05 fc 33 01
0x000000007110b50b:   00 eb 8b e8 8d fe ff ff c7 03 01 00 00 00 e9 6f
0x000000007110b51b:   ff ff ff 66 90 55 48 89 e5 56 53 48 83 ec 20 48
0x000000007110b52b:   8b 05 d7 33 01 00 48 8b 31 48 89 cb 48 85 c0 74
0x000000007110b53b:   56 44 8b 18 45 85 db 78 42 48 8b 05 bd 33 01 00
0x000000007110b54b:   48 85 c0 74 50 44 8b 10 45 85 d2 74 1d 48 89 f1
0x000000007110b55b:   e8 d0 fd ff ff 48 8b 13 48 8d 42 40 48 8b 48 08
0x000000007110b56b:   48 8b 6a 40 48 8b 60 10 ff e1 48 8b 05 9c 33 01
0x000000007110b57b:   00 48 85 c0 74 2d 48 89 30 eb da e8 b5 fe ff ff
0x000000007110b58b:   0f 1f 44 00 00 eb b2 e8 e9 fd ff ff 48 89 05 6a
0x000000007110b59b:   33 01 00 eb 9c e8 db fd ff ff 48 89 05 5c 33 01
0x000000007110b5ab:   00 eb a2 e8 3d fd ff ff 48 89 05 5e 33 01 00 eb
0x000000007110b5bb:   c5 0f 1f 40 00 55 57 56 53 48 83 ec 28 48 8b 05
0x000000007110b5cb:   39 33 01 00 48 89 cb 48 85 c0 0f 84 c5 00 00 00
0x000000007110b5db:   8b 38 85 ff 0f 88 ab 00 00 00 48 8b 05 1c 33 01
0x000000007110b5eb:   00 48 85 c0 0f 84 bc 00 00 00 8b 30 85 f6 74 57
0x000000007110b5fb:   48 8b 05 0e 33 01 00 48 85 c0 0f 84 e5 00 00 00
0x000000007110b60b:   8b 28 48 8b 35 10 5e 01 00 ff d6 89 c7 89 e9 ff
0x000000007110b61b:   15 f4 5e 01 00 89 f9 48 89 c5 ff 15 b9 5e 01 00
0x000000007110b62b:   48 8b 05 de 32 01 00 48 89 2b 48 85 c0 74 46 48
0x000000007110b63b:   89 da 8b 08 ff 15 d7 5e 01 00 85 c0 74 27 48 83
0x000000007110b64b:   c4 28 5b 5e 5f 5d c3 48 8b 05 bf 32 01 00 48 85
0x000000007110b65b:   c0 74 64 48 8b 10 48 89 13 48 89 18 48 83 c4 28
0x000000007110b66b:   5b 5e 5f 5d c3 48 89 f2 48 83 c4 28 5b 5e 5f 5d
0x000000007110b67b:   48 ff e2 66 90 e8 8b fc ff ff 48 89 05 84 32 01
0x000000007110b68b:   00 eb ac 66 90 e8 ab fd ff ff e9 4b ff ff ff 66
0x000000007110b69b:   0f 1f 44 00 00 e8 db fc ff ff 48 89 05 5c 32 01
0x000000007110b6ab:   00 e9 2a ff ff ff e8 ca fc ff ff 48 89 05 4b 32
0x000000007110b6bb:   01 00 e9 33 ff ff ff e8 29 fc ff ff 48 89 05 4a
0x000000007110b6cb:   32 01 00 48 8b 10 48 85 c0 48 89 13 75 8b e8 12 


Stack slot to memory mapping:
stack at sp + 0 slots: 0x000001e977a93120 points into unknown readable memory: 0x005c002e005c005c | 5c 00 5c 00 2e 00 5c 00
stack at sp + 1 slots: 0x000001e9779cf3c0 points into unknown readable memory: 0x000001e9779cf7f0 | f0 f7 9c 77 e9 01 00 00
stack at sp + 2 slots: 0x000000007110b230 jSSC-2.8_x86_64.dll
stack at sp + 3 slots: 0x000001e958870000 points into unknown readable memory: 0x0000000000000000 | 00 00 00 00 00 00 00 00
stack at sp + 4 slots: 0x000001e9587d0000 points into unknown readable memory: 0x0000000000000000 | 00 00 00 00 00 00 00 00
stack at sp + 5 slots: 0x0000000000000004 is an unknown value
stack at sp + 6 slots: 0x000001e95ab00e98 points into unknown readable memory: 0x00007ff986def7c0 | c0 f7 de 86 f9 7f 00 00
stack at sp + 7 slots: 0x0000000000000420 is an unknown value


---------------  P R O C E S S  ---------------

Threads class SMR info:
_java_thread_list=0x000001e9779a6400, length=12, elements={
0x000001e95ab00bf0, 0x000001e976faa6c0, 0x000001e976fc1670, 0x000001e977836790,
0x000001e977837250, 0x000001e97785ba70, 0x000001e977869c10, 0x000001e97786aca0,
0x000001e97786c1e0, 0x000001e977874f70, 0x000001e9779cfbd0, 0x000001e9779e6120
}

Java Threads: ( => current thread )
=>0x000001e95ab00bf0 JavaThread "main" [_thread_in_native, id=10256, stack(0x0000005982300000,0x0000005982400000)]
  0x000001e976faa6c0 JavaThread "Reference Handler" daemon [_thread_blocked, id=2728, stack(0x0000005982a00000,0x0000005982b00000)]
  0x000001e976fc1670 JavaThread "Finalizer" daemon [_thread_blocked, id=24372, stack(0x0000005982b00000,0x0000005982c00000)]
  0x000001e977836790 JavaThread "Signal Dispatcher" daemon [_thread_blocked, id=18240, stack(0x0000005982c00000,0x0000005982d00000)]
  0x000001e977837250 JavaThread "Attach Listener" daemon [_thread_blocked, id=17856, stack(0x0000005982d00000,0x0000005982e00000)]
  0x000001e97785ba70 JavaThread "Service Thread" daemon [_thread_blocked, id=20840, stack(0x0000005982e00000,0x0000005982f00000)]
  0x000001e977869c10 JavaThread "Monitor Deflation Thread" daemon [_thread_blocked, id=14360, stack(0x0000005982f00000,0x0000005983000000)]
  0x000001e97786aca0 JavaThread "C2 CompilerThread0" daemon [_thread_blocked, id=21756, stack(0x0000005983000000,0x0000005983100000)]
  0x000001e97786c1e0 JavaThread "C1 CompilerThread0" daemon [_thread_blocked, id=300, stack(0x0000005983100000,0x0000005983200000)]
  0x000001e977874f70 JavaThread "Sweeper thread" daemon [_thread_blocked, id=23824, stack(0x0000005983200000,0x0000005983300000)]
  0x000001e9779cfbd0 JavaThread "Notification Thread" daemon [_thread_blocked, id=22800, stack(0x0000005983300000,0x0000005983400000)]
  0x000001e9779e6120 JavaThread "Common-Cleaner" daemon [_thread_blocked, id=19088, stack(0x0000005983500000,0x0000005983600000)]

Other Threads:
  0x000001e976fbfc30 VMThread "VM Thread" [stack: 0x0000005982900000,0x0000005982a00000] [id=17604]
  0x000001e976f440d0 WatcherThread [stack: 0x0000005983400000,0x0000005983500000] [id=14792]
  0x000001e95ab43650 GCTaskThread "GC Thread#0" [stack: 0x0000005982400000,0x0000005982500000] [id=12100]
  0x000001e95ab6daf0 ConcurrentGCThread "G1 Main Marker" [stack: 0x0000005982500000,0x0000005982600000] [id=17252]
  0x000001e95ab6e500 ConcurrentGCThread "G1 Conc#0" [stack: 0x0000005982600000,0x0000005982700000] [id=17240]
  0x000001e976e140c0 ConcurrentGCThread "G1 Refine#0" [stack: 0x0000005982700000,0x0000005982800000] [id=6684]
  0x000001e976e14ae0 ConcurrentGCThread "G1 Service" [stack: 0x0000005982800000,0x0000005982900000] [id=15540]

Threads with active compile tasks:

VM state: not at safepoint (normal execution)

VM Mutex/Monitor currently owned by a thread: None

Heap address: 0x0000000743000000, size: 3024 MB, Compressed Oops mode: Zero based, Oop shift amount: 3

CDS archive(s) not mapped
Compressed class space mapped at: 0x0000000800000000-0x0000000840000000, reserved size: 1073741824
Narrow klass base: 0x0000000800000000, Narrow klass shift: 0, Narrow klass range: 0x40000000

GC Precious Log:
 CPUs: 8 total, 8 available
 Memory: 12093M
 Large Page Support: Disabled
 NUMA Support: Disabled
 Compressed Oops: Enabled (Zero based)
 Heap Region Size: 2M
 Heap Min Capacity: 8M
 Heap Initial Capacity: 190M
 Heap Max Capacity: 3024M
 Pre-touch: Disabled
 Parallel Workers: 8
 Concurrent Workers: 2
 Concurrent Refinement Workers: 8
 Periodic GC: Disabled

Heap:
 garbage-first heap   total 194560K, used 2048K [0x0000000743000000, 0x0000000800000000)
  region size 2048K, 2 young (4096K), 0 survivors (0K)
 Metaspace       used 4826K, committed 4992K, reserved 1056768K
  class space    used 408K, committed 512K, reserved 1048576K

Heap Regions: E=young(eden), S=young(survivor), O=old, HS=humongous(starts), HC=humongous(continues), CS=collection set, F=free, OA=open archive, CA=closed archive, TAMS=top-at-mark-start (previous, next)
|   0|0x0000000743000000, 0x0000000743000000, 0x0000000743200000|  0%| F|  |TAMS 0x0000000743000000, 0x0000000743000000| Untracked 
|   1|0x0000000743200000, 0x0000000743200000, 0x0000000743400000|  0%| F|  |TAMS 0x0000000743200000, 0x0000000743200000| Untracked 
|   2|0x0000000743400000, 0x0000000743400000, 0x0000000743600000|  0%| F|  |TAMS 0x0000000743400000, 0x0000000743400000| Untracked 
|   3|0x0000000743600000, 0x0000000743600000, 0x0000000743800000|  0%| F|  |TAMS 0x0000000743600000, 0x0000000743600000| Untracked 
|   4|0x0000000743800000, 0x0000000743800000, 0x0000000743a00000|  0%| F|  |TAMS 0x0000000743800000, 0x0000000743800000| Untracked 
|   5|0x0000000743a00000, 0x0000000743a00000, 0x0000000743c00000|  0%| F|  |TAMS 0x0000000743a00000, 0x0000000743a00000| Untracked 
|   6|0x0000000743c00000, 0x0000000743c00000, 0x0000000743e00000|  0%| F|  |TAMS 0x0000000743c00000, 0x0000000743c00000| Untracked 
|   7|0x0000000743e00000, 0x0000000743e00000, 0x0000000744000000|  0%| F|  |TAMS 0x0000000743e00000, 0x0000000743e00000| Untracked 
|   8|0x0000000744000000, 0x0000000744000000, 0x0000000744200000|  0%| F|  |TAMS 0x0000000744000000, 0x0000000744000000| Untracked 
|   9|0x0000000744200000, 0x0000000744200000, 0x0000000744400000|  0%| F|  |TAMS 0x0000000744200000, 0x0000000744200000| Untracked 
|  10|0x0000000744400000, 0x0000000744400000, 0x0000000744600000|  0%| F|  |TAMS 0x0000000744400000, 0x0000000744400000| Untracked 
|  11|0x0000000744600000, 0x0000000744600000, 0x0000000744800000|  0%| F|  |TAMS 0x0000000744600000, 0x0000000744600000| Untracked 
|  12|0x0000000744800000, 0x0000000744800000, 0x0000000744a00000|  0%| F|  |TAMS 0x0000000744800000, 0x0000000744800000| Untracked 
|  13|0x0000000744a00000, 0x0000000744a00000, 0x0000000744c00000|  0%| F|  |TAMS 0x0000000744a00000, 0x0000000744a00000| Untracked 
|  14|0x0000000744c00000, 0x0000000744c00000, 0x0000000744e00000|  0%| F|  |TAMS 0x0000000744c00000, 0x0000000744c00000| Untracked 
|  15|0x0000000744e00000, 0x0000000744e00000, 0x0000000745000000|  0%| F|  |TAMS 0x0000000744e00000, 0x0000000744e00000| Untracked 
|  16|0x0000000745000000, 0x0000000745000000, 0x0000000745200000|  0%| F|  |TAMS 0x0000000745000000, 0x0000000745000000| Untracked 
|  17|0x0000000745200000, 0x0000000745200000, 0x0000000745400000|  0%| F|  |TAMS 0x0000000745200000, 0x0000000745200000| Untracked 
|  18|0x0000000745400000, 0x0000000745400000, 0x0000000745600000|  0%| F|  |TAMS 0x0000000745400000, 0x0000000745400000| Untracked 
|  19|0x0000000745600000, 0x0000000745600000, 0x0000000745800000|  0%| F|  |TAMS 0x0000000745600000, 0x0000000745600000| Untracked 
|  20|0x0000000745800000, 0x0000000745800000, 0x0000000745a00000|  0%| F|  |TAMS 0x0000000745800000, 0x0000000745800000| Untracked 
|  21|0x0000000745a00000, 0x0000000745a00000, 0x0000000745c00000|  0%| F|  |TAMS 0x0000000745a00000, 0x0000000745a00000| Untracked 
|  22|0x0000000745c00000, 0x0000000745c00000, 0x0000000745e00000|  0%| F|  |TAMS 0x0000000745c00000, 0x0000000745c00000| Untracked 
|  23|0x0000000745e00000, 0x0000000745e00000, 0x0000000746000000|  0%| F|  |TAMS 0x0000000745e00000, 0x0000000745e00000| Untracked 
|  24|0x0000000746000000, 0x0000000746000000, 0x0000000746200000|  0%| F|  |TAMS 0x0000000746000000, 0x0000000746000000| Untracked 
|  25|0x0000000746200000, 0x0000000746200000, 0x0000000746400000|  0%| F|  |TAMS 0x0000000746200000, 0x0000000746200000| Untracked 
|  26|0x0000000746400000, 0x0000000746400000, 0x0000000746600000|  0%| F|  |TAMS 0x0000000746400000, 0x0000000746400000| Untracked 
|  27|0x0000000746600000, 0x0000000746600000, 0x0000000746800000|  0%| F|  |TAMS 0x0000000746600000, 0x0000000746600000| Untracked 
|  28|0x0000000746800000, 0x0000000746800000, 0x0000000746a00000|  0%| F|  |TAMS 0x0000000746800000, 0x0000000746800000| Untracked 
|  29|0x0000000746a00000, 0x0000000746a00000, 0x0000000746c00000|  0%| F|  |TAMS 0x0000000746a00000, 0x0000000746a00000| Untracked 
|  30|0x0000000746c00000, 0x0000000746c00000, 0x0000000746e00000|  0%| F|  |TAMS 0x0000000746c00000, 0x0000000746c00000| Untracked 
|  31|0x0000000746e00000, 0x0000000746e00000, 0x0000000747000000|  0%| F|  |TAMS 0x0000000746e00000, 0x0000000746e00000| Untracked 
|  32|0x0000000747000000, 0x0000000747000000, 0x0000000747200000|  0%| F|  |TAMS 0x0000000747000000, 0x0000000747000000| Untracked 
|  33|0x0000000747200000, 0x0000000747200000, 0x0000000747400000|  0%| F|  |TAMS 0x0000000747200000, 0x0000000747200000| Untracked 
|  34|0x0000000747400000, 0x0000000747400000, 0x0000000747600000|  0%| F|  |TAMS 0x0000000747400000, 0x0000000747400000| Untracked 
|  35|0x0000000747600000, 0x0000000747600000, 0x0000000747800000|  0%| F|  |TAMS 0x0000000747600000, 0x0000000747600000| Untracked 
|  36|0x0000000747800000, 0x0000000747800000, 0x0000000747a00000|  0%| F|  |TAMS 0x0000000747800000, 0x0000000747800000| Untracked 
|  37|0x0000000747a00000, 0x0000000747a00000, 0x0000000747c00000|  0%| F|  |TAMS 0x0000000747a00000, 0x0000000747a00000| Untracked 
|  38|0x0000000747c00000, 0x0000000747c00000, 0x0000000747e00000|  0%| F|  |TAMS 0x0000000747c00000, 0x0000000747c00000| Untracked 
|  39|0x0000000747e00000, 0x0000000747e00000, 0x0000000748000000|  0%| F|  |TAMS 0x0000000747e00000, 0x0000000747e00000| Untracked 
|  40|0x0000000748000000, 0x0000000748000000, 0x0000000748200000|  0%| F|  |TAMS 0x0000000748000000, 0x0000000748000000| Untracked 
|  41|0x0000000748200000, 0x0000000748200000, 0x0000000748400000|  0%| F|  |TAMS 0x0000000748200000, 0x0000000748200000| Untracked 
|  42|0x0000000748400000, 0x0000000748400000, 0x0000000748600000|  0%| F|  |TAMS 0x0000000748400000, 0x0000000748400000| Untracked 
|  43|0x0000000748600000, 0x0000000748600000, 0x0000000748800000|  0%| F|  |TAMS 0x0000000748600000, 0x0000000748600000| Untracked 
|  44|0x0000000748800000, 0x0000000748800000, 0x0000000748a00000|  0%| F|  |TAMS 0x0000000748800000, 0x0000000748800000| Untracked 
|  45|0x0000000748a00000, 0x0000000748a00000, 0x0000000748c00000|  0%| F|  |TAMS 0x0000000748a00000, 0x0000000748a00000| Untracked 
|  46|0x0000000748c00000, 0x0000000748c00000, 0x0000000748e00000|  0%| F|  |TAMS 0x0000000748c00000, 0x0000000748c00000| Untracked 
|  47|0x0000000748e00000, 0x0000000748e00000, 0x0000000749000000|  0%| F|  |TAMS 0x0000000748e00000, 0x0000000748e00000| Untracked 
|  48|0x0000000749000000, 0x0000000749000000, 0x0000000749200000|  0%| F|  |TAMS 0x0000000749000000, 0x0000000749000000| Untracked 
|  49|0x0000000749200000, 0x0000000749200000, 0x0000000749400000|  0%| F|  |TAMS 0x0000000749200000, 0x0000000749200000| Untracked 
|  50|0x0000000749400000, 0x0000000749400000, 0x0000000749600000|  0%| F|  |TAMS 0x0000000749400000, 0x0000000749400000| Untracked 
|  51|0x0000000749600000, 0x0000000749600000, 0x0000000749800000|  0%| F|  |TAMS 0x0000000749600000, 0x0000000749600000| Untracked 
|  52|0x0000000749800000, 0x0000000749800000, 0x0000000749a00000|  0%| F|  |TAMS 0x0000000749800000, 0x0000000749800000| Untracked 
|  53|0x0000000749a00000, 0x0000000749a00000, 0x0000000749c00000|  0%| F|  |TAMS 0x0000000749a00000, 0x0000000749a00000| Untracked 
|  54|0x0000000749c00000, 0x0000000749c00000, 0x0000000749e00000|  0%| F|  |TAMS 0x0000000749c00000, 0x0000000749c00000| Untracked 
|  55|0x0000000749e00000, 0x0000000749e00000, 0x000000074a000000|  0%| F|  |TAMS 0x0000000749e00000, 0x0000000749e00000| Untracked 
|  56|0x000000074a000000, 0x000000074a000000, 0x000000074a200000|  0%| F|  |TAMS 0x000000074a000000, 0x000000074a000000| Untracked 
|  57|0x000000074a200000, 0x000000074a200000, 0x000000074a400000|  0%| F|  |TAMS 0x000000074a200000, 0x000000074a200000| Untracked 
|  58|0x000000074a400000, 0x000000074a400000, 0x000000074a600000|  0%| F|  |TAMS 0x000000074a400000, 0x000000074a400000| Untracked 
|  59|0x000000074a600000, 0x000000074a600000, 0x000000074a800000|  0%| F|  |TAMS 0x000000074a600000, 0x000000074a600000| Untracked 
|  60|0x000000074a800000, 0x000000074a800000, 0x000000074aa00000|  0%| F|  |TAMS 0x000000074a800000, 0x000000074a800000| Untracked 
|  61|0x000000074aa00000, 0x000000074aa00000, 0x000000074ac00000|  0%| F|  |TAMS 0x000000074aa00000, 0x000000074aa00000| Untracked 
|  62|0x000000074ac00000, 0x000000074ac00000, 0x000000074ae00000|  0%| F|  |TAMS 0x000000074ac00000, 0x000000074ac00000| Untracked 
|  63|0x000000074ae00000, 0x000000074ae00000, 0x000000074b000000|  0%| F|  |TAMS 0x000000074ae00000, 0x000000074ae00000| Untracked 
|  64|0x000000074b000000, 0x000000074b000000, 0x000000074b200000|  0%| F|  |TAMS 0x000000074b000000, 0x000000074b000000| Untracked 
|  65|0x000000074b200000, 0x000000074b200000, 0x000000074b400000|  0%| F|  |TAMS 0x000000074b200000, 0x000000074b200000| Untracked 
|  66|0x000000074b400000, 0x000000074b400000, 0x000000074b600000|  0%| F|  |TAMS 0x000000074b400000, 0x000000074b400000| Untracked 
|  67|0x000000074b600000, 0x000000074b600000, 0x000000074b800000|  0%| F|  |TAMS 0x000000074b600000, 0x000000074b600000| Untracked 
|  68|0x000000074b800000, 0x000000074b800000, 0x000000074ba00000|  0%| F|  |TAMS 0x000000074b800000, 0x000000074b800000| Untracked 
|  69|0x000000074ba00000, 0x000000074ba00000, 0x000000074bc00000|  0%| F|  |TAMS 0x000000074ba00000, 0x000000074ba00000| Untracked 
|  70|0x000000074bc00000, 0x000000074bc00000, 0x000000074be00000|  0%| F|  |TAMS 0x000000074bc00000, 0x000000074bc00000| Untracked 
|  71|0x000000074be00000, 0x000000074be00000, 0x000000074c000000|  0%| F|  |TAMS 0x000000074be00000, 0x000000074be00000| Untracked 
|  72|0x000000074c000000, 0x000000074c000000, 0x000000074c200000|  0%| F|  |TAMS 0x000000074c000000, 0x000000074c000000| Untracked 
|  73|0x000000074c200000, 0x000000074c200000, 0x000000074c400000|  0%| F|  |TAMS 0x000000074c200000, 0x000000074c200000| Untracked 
|  74|0x000000074c400000, 0x000000074c400000, 0x000000074c600000|  0%| F|  |TAMS 0x000000074c400000, 0x000000074c400000| Untracked 
|  75|0x000000074c600000, 0x000000074c600000, 0x000000074c800000|  0%| F|  |TAMS 0x000000074c600000, 0x000000074c600000| Untracked 
|  76|0x000000074c800000, 0x000000074c800000, 0x000000074ca00000|  0%| F|  |TAMS 0x000000074c800000, 0x000000074c800000| Untracked 
|  77|0x000000074ca00000, 0x000000074ca00000, 0x000000074cc00000|  0%| F|  |TAMS 0x000000074ca00000, 0x000000074ca00000| Untracked 
|  78|0x000000074cc00000, 0x000000074cc00000, 0x000000074ce00000|  0%| F|  |TAMS 0x000000074cc00000, 0x000000074cc00000| Untracked 
|  79|0x000000074ce00000, 0x000000074ce00000, 0x000000074d000000|  0%| F|  |TAMS 0x000000074ce00000, 0x000000074ce00000| Untracked 
|  80|0x000000074d000000, 0x000000074d000000, 0x000000074d200000|  0%| F|  |TAMS 0x000000074d000000, 0x000000074d000000| Untracked 
|  81|0x000000074d200000, 0x000000074d200000, 0x000000074d400000|  0%| F|  |TAMS 0x000000074d200000, 0x000000074d200000| Untracked 
|  82|0x000000074d400000, 0x000000074d400000, 0x000000074d600000|  0%| F|  |TAMS 0x000000074d400000, 0x000000074d400000| Untracked 
|  83|0x000000074d600000, 0x000000074d600000, 0x000000074d800000|  0%| F|  |TAMS 0x000000074d600000, 0x000000074d600000| Untracked 
|  84|0x000000074d800000, 0x000000074d800000, 0x000000074da00000|  0%| F|  |TAMS 0x000000074d800000, 0x000000074d800000| Untracked 
|  85|0x000000074da00000, 0x000000074da00000, 0x000000074dc00000|  0%| F|  |TAMS 0x000000074da00000, 0x000000074da00000| Untracked 
|  86|0x000000074dc00000, 0x000000074dc00000, 0x000000074de00000|  0%| F|  |TAMS 0x000000074dc00000, 0x000000074dc00000| Untracked 
|  87|0x000000074de00000, 0x000000074de00000, 0x000000074e000000|  0%| F|  |TAMS 0x000000074de00000, 0x000000074de00000| Untracked 
|  88|0x000000074e000000, 0x000000074e000000, 0x000000074e200000|  0%| F|  |TAMS 0x000000074e000000, 0x000000074e000000| Untracked 
|  89|0x000000074e200000, 0x000000074e200000, 0x000000074e400000|  0%| F|  |TAMS 0x000000074e200000, 0x000000074e200000| Untracked 
|  90|0x000000074e400000, 0x000000074e400000, 0x000000074e600000|  0%| F|  |TAMS 0x000000074e400000, 0x000000074e400000| Untracked 
|  91|0x000000074e600000, 0x000000074e600000, 0x000000074e800000|  0%| F|  |TAMS 0x000000074e600000, 0x000000074e600000| Untracked 
|  92|0x000000074e800000, 0x000000074e800000, 0x000000074ea00000|  0%| F|  |TAMS 0x000000074e800000, 0x000000074e800000| Untracked 
|  93|0x000000074ea00000, 0x000000074eae4ea0, 0x000000074ec00000| 44%| E|  |TAMS 0x000000074ea00000, 0x000000074ea00000| Complete 
|  94|0x000000074ec00000, 0x000000074ee00000, 0x000000074ee00000|100%| E|CS|TAMS 0x000000074ec00000, 0x000000074ec00000| Complete 

Card table byte_map: [0x000001e96dae0000,0x000001e96e0d0000] _byte_map_base: 0x000001e96a0c8000

Marking Bits (Prev, Next): (CMBitMap*) 0x000001e95ab43c60, (CMBitMap*) 0x000001e95ab43ca0
 Prev Bits: [0x000001e96e6c0000, 0x000001e971600000)
 Next Bits: [0x000001e971600000, 0x000001e974540000)

Polling page: 0x000001e958a50000

Metaspace:

Usage:
  Non-class:      4.31 MB used.
      Class:    408.98 KB used.
       Both:      4.71 MB used.

Virtual space:
  Non-class space:        8.00 MB reserved,       4.38 MB ( 55%) committed,  1 nodes.
      Class space:        1.00 GB reserved,     512.00 KB ( <1%) committed,  1 nodes.
             Both:        1.01 GB reserved,       4.88 MB ( <1%) committed. 

Chunk freelists:
   Non-Class:  2.94 MB
       Class:  3.55 MB
        Both:  6.48 MB

MaxMetaspaceSize: unlimited
CompressedClassSpaceSize: 1.00 GB
Initial GC threshold: 21.00 MB
Current GC threshold: 21.00 MB
CDS: off
MetaspaceReclaimPolicy: balanced
 - commit_granule_bytes: 65536.
 - commit_granule_words: 8192.
 - virtual_space_node_default_size: 1048576.
 - enlarge_chunks_in_place: 1.
 - new_chunks_are_fully_committed: 0.
 - uncommit_free_chunks: 1.
 - use_allocation_guard: 0.
 - handle_deallocations: 1.


Internal statistics:

num_allocs_failed_limit: 0.
num_arena_births: 4.
num_arena_deaths: 0.
num_vsnodes_births: 2.
num_vsnodes_deaths: 0.
num_space_committed: 78.
num_space_uncommitted: 0.
num_chunks_returned_to_freelist: 0.
num_chunks_taken_from_freelist: 16.
num_chunk_merges: 0.
num_chunk_splits: 5.
num_chunks_enlarged: 3.
num_purges: 0.
num_inconsistent_stats: 0.

CodeHeap 'non-profiled nmethods': size=120000Kb used=19Kb max_used=19Kb free=119981Kb
 bounds [0x000001e965c80000, 0x000001e965ef0000, 0x000001e96d1b0000]
CodeHeap 'profiled nmethods': size=120000Kb used=153Kb max_used=153Kb free=119846Kb
 bounds [0x000001e95e750000, 0x000001e95e9c0000, 0x000001e965c80000]
CodeHeap 'non-nmethods': size=5760Kb used=1067Kb max_used=1080Kb free=4692Kb
 bounds [0x000001e95e1b0000, 0x000001e95e420000, 0x000001e95e750000]
 total_blobs=428 nmethods=111 adapters=230
 compilation: enabled
              stopped_count=0, restarted_count=0
 full_count=0

Compilation events (20 events):
Event: 0.131 Thread 0x000001e97786c1e0  102       3       java.lang.AbstractStringBuilder::append (45 bytes)
Event: 0.131 Thread 0x000001e97786c1e0 nmethod 102 0x000001e95e773710 code [0x000001e95e7738e0, 0x000001e95e773c28]
Event: 0.131 Thread 0x000001e97786c1e0  103       3       java.lang.AbstractStringBuilder::getCoder (15 bytes)
Event: 0.131 Thread 0x000001e97786c1e0 nmethod 103 0x000001e95e773d90 code [0x000001e95e773f20, 0x000001e95e774058]
Event: 0.131 Thread 0x000001e97786c1e0  104       3       java.lang.String::getBytes (46 bytes)
Event: 0.132 Thread 0x000001e97786c1e0 nmethod 104 0x000001e95e774110 code [0x000001e95e7742e0, 0x000001e95e7745f8]
Event: 0.132 Thread 0x000001e97786c1e0  105       3       java.util.Objects::requireNonNull (15 bytes)
Event: 0.132 Thread 0x000001e97786c1e0 nmethod 105 0x000001e95e774710 code [0x000001e95e7748c0, 0x000001e95e774aa8]
Event: 0.132 Thread 0x000001e97786c1e0  106       3       java.lang.AbstractStringBuilder::putStringAt (34 bytes)
Event: 0.133 Thread 0x000001e97786c1e0 nmethod 106 0x000001e95e774b90 code [0x000001e95e774d60, 0x000001e95e775078]
Event: 0.133 Thread 0x000001e97786c1e0  107       3       java.lang.StringLatin1::lastIndexOf (40 bytes)
Event: 0.133 Thread 0x000001e97786c1e0 nmethod 107 0x000001e95e775210 code [0x000001e95e7753e0, 0x000001e95e7757d8]
Event: 0.133 Thread 0x000001e97786c1e0  108       3       java.lang.StringLatin1::newString (24 bytes)
Event: 0.133 Thread 0x000001e97786c1e0 nmethod 108 0x000001e95e775910 code [0x000001e95e775ae0, 0x000001e95e775e08]
Event: 0.133 Thread 0x000001e97786c1e0  109       3       java.lang.System::getSecurityManager (12 bytes)
Event: 0.133 Thread 0x000001e97786c1e0 nmethod 109 0x000001e95e775f10 code [0x000001e95e7760a0, 0x000001e95e776238]
Event: 0.133 Thread 0x000001e97786c1e0  110       3       java.lang.System::allowSecurityManager (13 bytes)
Event: 0.133 Thread 0x000001e97786c1e0 nmethod 110 0x000001e95e776310 code [0x000001e95e7764a0, 0x000001e95e7765b8]
Event: 0.133 Thread 0x000001e97786c1e0  111       1       java.util.zip.Inflater$InflaterZStreamRef::address (5 bytes)
Event: 0.133 Thread 0x000001e97786c1e0 nmethod 111 0x000001e965c84910 code [0x000001e965c84aa0, 0x000001e965c84b78]

GC Heap History (0 events):
No events

Deoptimization events (0 events):
No events

Classes unloaded (0 events):
No events

Classes redefined (0 events):
No events

Internal exceptions (0 events):
No events

VM Operations (2 events):
Event: 0.125 Executing VM operation: HandshakeAllThreads
Event: 0.125 Executing VM operation: HandshakeAllThreads done

Events (20 events):
Event: 0.129 loading class java/lang/PublicMethods$MethodList done
Event: 0.129 loading class java/lang/PublicMethods$Key
Event: 0.129 loading class java/lang/PublicMethods$Key done
Event: 0.129 loading class java/lang/Void
Event: 0.129 loading class java/lang/Void done
Event: 0.130 loading class java/util/concurrent/ConcurrentHashMap$ForwardingNode
Event: 0.130 loading class java/util/concurrent/ConcurrentHashMap$ForwardingNode done
Event: 0.132 loading class java/lang/SecurityException
Event: 0.132 loading class java/lang/SecurityException done
Event: 0.132 loading class java/lang/NoSuchMethodException
Event: 0.132 loading class java/lang/NoSuchMethodException done
Event: 0.132 loading class java/lang/InterruptedException
Event: 0.132 loading class java/lang/InterruptedException done
Event: 0.134 loading class java/io/Reader
Event: 0.134 loading class java/io/Reader done
Event: 0.134 loading class java/io/InputStreamReader
Event: 0.134 loading class java/io/InputStreamReader done
Event: 0.134 loading class java/io/IOException
Event: 0.134 loading class java/io/IOException done
Event: 0.135 Loaded shared library C:\Users\aleja\.jssc\windows\jSSC-2.8_x86_64.dll


Dynamic libraries:
0x00007ff78cbd0000 - 0x00007ff78cbde000 	C:\Users\aleja\.p2\pool\plugins\org.eclipse.justj.openjdk.hotspot.jre.full.win32.x86_64_17.0.0.v20211012-1059\jre\bin\javaw.exe
0x00007ffa01ad0000 - 0x00007ffa01cc5000 	C:\Windows\SYSTEM32\ntdll.dll
0x00007ffa01100000 - 0x00007ffa011be000 	C:\Windows\System32\KERNEL32.DLL
0x00007ff9ff4f0000 - 0x00007ff9ff7b9000 	C:\Windows\System32\KERNELBASE.dll
0x00007ff9ff970000 - 0x00007ff9ffa70000 	C:\Windows\System32\ucrtbase.dll
0x00007ff9bf100000 - 0x00007ff9bf118000 	C:\Users\aleja\.p2\pool\plugins\org.eclipse.justj.openjdk.hotspot.jre.full.win32.x86_64_17.0.0.v20211012-1059\jre\bin\jli.dll
0x00007ff9b9c60000 - 0x00007ff9b9c79000 	C:\Users\aleja\.p2\pool\plugins\org.eclipse.justj.openjdk.hotspot.jre.full.win32.x86_64_17.0.0.v20211012-1059\jre\bin\VCRUNTIME140.dll
0x00007ffa00990000 - 0x00007ffa00b31000 	C:\Windows\System32\USER32.dll
0x00007ff9f29d0000 - 0x00007ff9f2c6a000 	C:\Windows\WinSxS\amd64_microsoft.windows.common-controls_6595b64144ccf1df_6.0.19041.1110_none_60b5254171f9507e\COMCTL32.dll
0x00007ffa008f0000 - 0x00007ffa0098e000 	C:\Windows\System32\msvcrt.dll
0x00007ff9ff4c0000 - 0x00007ff9ff4e2000 	C:\Windows\System32\win32u.dll
0x00007ffa01a60000 - 0x00007ffa01a8b000 	C:\Windows\System32\GDI32.dll
0x00007ff9ff350000 - 0x00007ff9ff45b000 	C:\Windows\System32\gdi32full.dll
0x00007ff9ff7c0000 - 0x00007ff9ff85d000 	C:\Windows\System32\msvcp_win.dll
0x00007ffa00430000 - 0x00007ffa00460000 	C:\Windows\System32\IMM32.DLL
0x00007ff9df240000 - 0x00007ff9df24c000 	C:\Users\aleja\.p2\pool\plugins\org.eclipse.justj.openjdk.hotspot.jre.full.win32.x86_64_17.0.0.v20211012-1059\jre\bin\vcruntime140_1.dll
0x00007ff9b66d0000 - 0x00007ff9b6761000 	C:\Users\aleja\.p2\pool\plugins\org.eclipse.justj.openjdk.hotspot.jre.full.win32.x86_64_17.0.0.v20211012-1059\jre\bin\msvcp140.dll
0x00007ff9862f0000 - 0x00007ff986f36000 	C:\Users\aleja\.p2\pool\plugins\org.eclipse.justj.openjdk.hotspot.jre.full.win32.x86_64_17.0.0.v20211012-1059\jre\bin\server\jvm.dll
0x00007ffa00b50000 - 0x00007ffa00bfc000 	C:\Windows\System32\ADVAPI32.dll
0x00007ffa01060000 - 0x00007ffa010fb000 	C:\Windows\System32\sechost.dll
0x00007ffa00d20000 - 0x00007ffa00e4a000 	C:\Windows\System32\RPCRT4.dll
0x00007ffa00ff0000 - 0x00007ffa00ff8000 	C:\Windows\System32\PSAPI.DLL
0x00007ff9f4e40000 - 0x00007ff9f4e4a000 	C:\Windows\SYSTEM32\VERSION.dll
0x00007ff9df320000 - 0x00007ff9df347000 	C:\Windows\SYSTEM32\WINMM.dll
0x00007ff9d0ba0000 - 0x00007ff9d0ba9000 	C:\Windows\SYSTEM32\WSOCK32.dll
0x00007ffa00f20000 - 0x00007ffa00f8b000 	C:\Windows\System32\WS2_32.dll
0x00007ff9fda70000 - 0x00007ff9fda82000 	C:\Windows\SYSTEM32\kernel.appcore.dll
0x00007ff9e52e0000 - 0x00007ff9e52ea000 	C:\Users\aleja\.p2\pool\plugins\org.eclipse.justj.openjdk.hotspot.jre.full.win32.x86_64_17.0.0.v20211012-1059\jre\bin\jimage.dll
0x00007ff9fc670000 - 0x00007ff9fc854000 	C:\Windows\SYSTEM32\DBGHELP.DLL
0x00007ff9dd4c0000 - 0x00007ff9dd4ec000 	C:\Windows\SYSTEM32\dbgcore.DLL
0x00007ff9ff890000 - 0x00007ff9ff913000 	C:\Windows\System32\bcryptPrimitives.dll
0x00007ff9d0b70000 - 0x00007ff9d0b95000 	C:\Users\aleja\.p2\pool\plugins\org.eclipse.justj.openjdk.hotspot.jre.full.win32.x86_64_17.0.0.v20211012-1059\jre\bin\java.dll
0x00007ff9f41e0000 - 0x00007ff9f41f8000 	C:\Users\aleja\.p2\pool\plugins\org.eclipse.justj.openjdk.hotspot.jre.full.win32.x86_64_17.0.0.v20211012-1059\jre\bin\zip.dll
0x00007ffa01320000 - 0x00007ffa01a5f000 	C:\Windows\System32\SHELL32.dll
0x00007ff9fd240000 - 0x00007ff9fd9d0000 	C:\Windows\SYSTEM32\windows.storage.dll
0x00007ff9ffb20000 - 0x00007ff9ffe75000 	C:\Windows\System32\combase.dll
0x00007ff9fec40000 - 0x00007ff9fec6c000 	C:\Windows\SYSTEM32\Wldp.dll
0x00007ffa005d0000 - 0x00007ffa0067d000 	C:\Windows\System32\SHCORE.dll
0x00007ffa01000000 - 0x00007ffa01055000 	C:\Windows\System32\shlwapi.dll
0x00007ff9ff130000 - 0x00007ff9ff14f000 	C:\Windows\SYSTEM32\profapi.dll
0x00007ff9e55b0000 - 0x00007ff9e55c9000 	C:\Users\aleja\.p2\pool\plugins\org.eclipse.justj.openjdk.hotspot.jre.full.win32.x86_64_17.0.0.v20211012-1059\jre\bin\net.dll
0x00007ff9f5060000 - 0x00007ff9f5168000 	C:\Windows\SYSTEM32\WINHTTP.dll
0x00007ff9fe950000 - 0x00007ff9fe9ba000 	C:\Windows\system32\mswsock.dll
0x00007ff9dedf0000 - 0x00007ff9dee05000 	C:\Users\aleja\.p2\pool\plugins\org.eclipse.justj.openjdk.hotspot.jre.full.win32.x86_64_17.0.0.v20211012-1059\jre\bin\nio.dll
0x0000000071100000 - 0x0000000071125000 	C:\Users\aleja\.jssc\windows\jSSC-2.8_x86_64.dll

dbghelp: loaded successfully - version: 4.0.5 - missing functions: none
symbol engine: initialized successfully - sym options: 0x614 - pdb path: .;C:\Users\aleja\.p2\pool\plugins\org.eclipse.justj.openjdk.hotspot.jre.full.win32.x86_64_17.0.0.v20211012-1059\jre\bin;C:\Windows\SYSTEM32;C:\Windows\WinSxS\amd64_microsoft.windows.common-controls_6595b64144ccf1df_6.0.19041.1110_none_60b5254171f9507e;C:\Users\aleja\.p2\pool\plugins\org.eclipse.justj.openjdk.hotspot.jre.full.win32.x86_64_17.0.0.v20211012-1059\jre\bin\server;C:\Users\aleja\.jssc\windows

VM Arguments:
jvm_args: -Dfile.encoding=Cp1252 -XX:+ShowCodeDetailsInExceptionMessages 
java_command: javaarduino.JavaArduino
java_class_path (initial): D:\Universidad\Semestre VIII\Microprocesadores\Proyecto\JAVA\JavaArduino\build\classes;D:\Universidad\Semestre VIII\Microprocesadores\Proyecto\JAVA\JavaArduino\lib\CopyLibs\org-netbeans-modules-java-j2seproject-copylibstask.jar;D:\Universidad\Semestre VIII\Microprocesadores\Proyecto\JAVA\JavaArduino\lib\gson-2.8.2.jar;D:\Universidad\Semestre VIII\Microprocesadores\Proyecto\JAVA\JavaArduino\lib\gson-2.8.5.jar;D:\Universidad\Semestre VIII\Microprocesadores\Proyecto\JAVA\JavaArduino\lib\gson-2.8.9.jar;D:\Universidad\Semestre VIII\Microprocesadores\Proyecto\JAVA\JavaArduino\lib\jackson-databind-2.13.0.jar;D:\Universidad\Semestre VIII\Microprocesadores\Proyecto\JAVA\JavaArduino\lib\json-simple-1.1.1.jar;D:\Universidad\Semestre VIII\Microprocesadores\Proyecto\JAVA\JavaArduino\lib\org.eclipse.paho.client.mqttv3-1.1.0.jar;D:\Universidad\Semestre VIII\Microprocesadores\Proyecto\JAVA\JavaArduino\lib\PanamaHitek_Arduino-3.0.0.jar
Launcher Type: SUN_STANDARD

[Global flags]
     intx CICompilerCount                          = 4                                         {product} {ergonomic}
     uint ConcGCThreads                            = 2                                         {product} {ergonomic}
     uint G1ConcRefinementThreads                  = 8                                         {product} {ergonomic}
   size_t G1HeapRegionSize                         = 2097152                                   {product} {ergonomic}
    uintx GCDrainStackTargetSize                   = 64                                        {product} {ergonomic}
   size_t InitialHeapSize                          = 199229440                                 {product} {ergonomic}
   size_t MarkStackSize                            = 4194304                                   {product} {ergonomic}
   size_t MaxHeapSize                              = 3170893824                                {product} {ergonomic}
   size_t MaxNewSize                               = 1902116864                                {product} {ergonomic}
   size_t MinHeapDeltaBytes                        = 2097152                                   {product} {ergonomic}
   size_t MinHeapSize                              = 8388608                                   {product} {ergonomic}
    uintx NonNMethodCodeHeapSize                   = 5839372                                {pd product} {ergonomic}
    uintx NonProfiledCodeHeapSize                  = 122909434                              {pd product} {ergonomic}
    uintx ProfiledCodeHeapSize                     = 122909434                              {pd product} {ergonomic}
    uintx ReservedCodeCacheSize                    = 251658240                              {pd product} {ergonomic}
     bool SegmentedCodeCache                       = true                                      {product} {ergonomic}
     bool ShowCodeDetailsInExceptionMessages       = true                                   {manageable} {command line}
   size_t SoftMaxHeapSize                          = 3170893824                             {manageable} {ergonomic}
     bool UseCompressedClassPointers               = true                           {product lp64_product} {ergonomic}
     bool UseCompressedOops                        = true                           {product lp64_product} {ergonomic}
     bool UseG1GC                                  = true                                      {product} {ergonomic}
     bool UseLargePagesIndividualAllocation        = false                                  {pd product} {ergonomic}

Logging:
Log output configuration:
 #0: stdout all=warning uptime,level,tags
 #1: stderr all=off uptime,level,tags

Environment Variables:
PATH=C:/Users/aleja/.p2/pool/plugins/org.eclipse.justj.openjdk.hotspot.jre.full.win32.x86_64_17.0.0.v20211012-1059/jre/bin/server;C:/Users/aleja/.p2/pool/plugins/org.eclipse.justj.openjdk.hotspot.jre.full.win32.x86_64_17.0.0.v20211012-1059/jre/bin;C:/Users/aleja/AppData/Local/Temp/eoi396D.tmp//plugins/org.eclipse.justj.openjdk.hotspot.jre.minimal.stripped.win32.x86_64_16.0.2.v20210721-1149/jre/bin/server;C:/Users/aleja/AppData/Local/Temp/eoi396D.tmp//plugins/org.eclipse.justj.openjdk.hotspot.jre.minimal.stripped.win32.x86_64_16.0.2.v20210721-1149/jre/bin;C:\Program Files\Google\Chrome\Application;C:\Program Files\National Instruments\Shared\OpenVINO\;C:\Program Files (x86)\Common Files\Oracle\Java\javapath;C:\Windows\system32;C:\Windows;C:\Windows\System32\Wbem;C:\Windows\System32\WindowsPowerShell\v1.0\;C:\Windows\System32\OpenSSH\;C:\Program Files (x86)\NVIDIA Corporation\PhysX\Common;C:\Program Files\Microsoft SQL Server\Client SDK\ODBC\110\Tools\Binn\;C:\Program Files (x86)\Microsoft SQL Server\120\Tools\Binn\;C:\Program Files\Microsoft SQL Server\120\Tools\Binn\;C:\Program Files\Microsoft SQL Server\120\DTS\Binn\;C:\Program Files (x86)\Windows Kits\8.1\Windows Performance Toolkit\;C:\Program Files\nodejs\;C:\Program Files\MATLAB\R2021a\bin;C:\Program Files (x86)\IVI Foundation\VISA\WinNT\Bin\;C:\Program Files\IVI Foundation\VISA\Win64\Bin\;C:\Program Files\PuTTY\;C:\Program Files\Polyspace\R2020a\bin;C:\Users\aleja\AppData\Local\Microsoft\WindowsApps;C:\Users\aleja\AppData\Roaming\npm;C:\Users\aleja\AppData\Local\Programs\Microsoft VS Code\bin;D:\Alejandro Perdomo Ramírez\Downloads;;D:\Alejandro Perdomo Ramírez\Downloads;
USERNAME=alejandro
OS=Windows_NT
PROCESSOR_IDENTIFIER=Intel64 Family 6 Model 126 Stepping 5, GenuineIntel



---------------  S Y S T E M  ---------------

OS:
 Windows 10 , 64 bit Build 19041 (10.0.19041.1202)
OS uptime: 0 days 12:40 hours

CPU: total 8 (initial active 8) (4 cores per cpu, 2 threads per core) family 6 model 126 stepping 5 microcode 0xa0, cx8, cmov, fxsr, ht, mmx, 3dnowpref, sse, sse2, sse3, ssse3, sse4.1, sse4.2, popcnt, lzcnt, tsc, tscinvbit, avx, avx2, aes, erms, clmul, bmi1, bmi2, adx, avx512f, avx512dq, avx512cd, avx512bw, avx512vl, sha, fma, vzeroupper, avx512_vpopcntdq, avx512_vpclmulqdq, avx512_vaes, avx512_vnni, clflush, clflushopt, avx512_vbmi2, avx512_vbmi

Memory: 4k page, system-wide physical 12093M (2752M free)
TotalPageFile size 18493M (AvailPageFile size 3780M)
current process WorkingSet (physical memory assigned to process): 32M, peak: 32M
current process commit charge ("private bytes"): 268M, peak: 268M

vm_info: OpenJDK 64-Bit Server VM (17+35) for windows-amd64 JRE (17+35), built on Sep 14 2021 17:27:39 by "" with MS VC++ 16.7 (VS2019)

END.
